::: {graylog-master-0}{boRypuZmRlWcJnYVPa2SGw}{PxpKwS4gQSGYr8FxKxIvdw}{172.30.46.225}{172.30.46.225:9300}
   Hot threads at 2020-03-11T16:16:27.818Z, interval=500ms, busiestThreads=3, ignoreIdleThreads=true:

::: {graylog-data-0}{4zafNmxwTfmdCynY1pUVtg}{uWyFHGjYSNuWo-OBT8BYHQ}{172.30.95.132}{172.30.95.132:9300}
   Hot threads at 2020-03-11T16:16:27.819Z, interval=500ms, busiestThreads=3, ignoreIdleThreads=true:

::: {graylog-master-2}{-HtNGsokROC2ARbovtDXwA}{qpCBd6DpQES1EbNt2BmkpQ}{172.30.26.144}{172.30.26.144:9300}
   Hot threads at 2020-03-11T16:16:27.819Z, interval=500ms, busiestThreads=3, ignoreIdleThreads=true:

::: {graylog-data-1}{uHi8-TYhTAWV0ITbcMXb9g}{eq3wjma0RsmNtz01u3dcjQ}{172.30.30.16}{172.30.30.16:9300}
   Hot threads at 2020-03-11T16:16:27.819Z, interval=500ms, busiestThreads=3, ignoreIdleThreads=true:
   
    1.2% (6ms out of 500ms) cpu usage by thread 'elasticsearch[graylog-data-1][write][T#5]'
     2/10 snapshots sharing following 43 elements
       java.base@12.0.2/sun.nio.ch.FileDispatcherImpl.force0(Native Method)
       java.base@12.0.2/sun.nio.ch.FileDispatcherImpl.force(FileDispatcherImpl.java:82)
       java.base@12.0.2/sun.nio.ch.FileChannelImpl.force(FileChannelImpl.java:461)
       app//org.elasticsearch.index.translog.TranslogWriter.syncUpTo(TranslogWriter.java:358)
       app//org.elasticsearch.index.translog.Translog.ensureSynced(Translog.java:799)
       app//org.elasticsearch.index.translog.Translog.ensureSynced(Translog.java:820)
       app//org.elasticsearch.index.engine.InternalEngine.ensureTranslogSynced(InternalEngine.java:503)
       app//org.elasticsearch.index.shard.IndexShard$5.write(IndexShard.java:2856)
       app//org.elasticsearch.common.util.concurrent.AsyncIOProcessor.processList(AsyncIOProcessor.java:110)
       app//org.elasticsearch.common.util.concurrent.AsyncIOProcessor.drainAndProcess(AsyncIOProcessor.java:102)
       app//org.elasticsearch.common.util.concurrent.AsyncIOProcessor.put(AsyncIOProcessor.java:85)
       app//org.elasticsearch.index.shard.IndexShard.sync(IndexShard.java:2879)
       app//org.elasticsearch.action.support.replication.TransportWriteAction$AsyncAfterWriteAction.run(TransportWriteAction.java:355)
       app//org.elasticsearch.action.support.replication.TransportWriteAction$WritePrimaryResult.<init>(TransportWriteAction.java:151)
       app//org.elasticsearch.action.bulk.TransportShardBulkAction.performOnPrimary(TransportShardBulkAction.java:168)
       app//org.elasticsearch.action.bulk.TransportShardBulkAction.performOnPrimary(TransportShardBulkAction.java:156)
       app//org.elasticsearch.action.bulk.TransportShardBulkAction.shardOperationOnPrimary(TransportShardBulkAction.java:143)
       app//org.elasticsearch.action.bulk.TransportShardBulkAction.shardOperationOnPrimary(TransportShardBulkAction.java:82)
       app//org.elasticsearch.action.support.replication.TransportReplicationAction$PrimaryShardReference.perform(TransportReplicationAction.java:1059)
       app//org.elasticsearch.action.support.replication.TransportReplicationAction$PrimaryShardReference.perform(TransportReplicationAction.java:1037)
       app//org.elasticsearch.action.support.replication.ReplicationOperation.execute(ReplicationOperation.java:104)
       app//org.elasticsearch.action.support.replication.TransportReplicationAction$AsyncPrimaryAction.runWithPrimaryShardReference(TransportReplicationAction.java:433)
       app//org.elasticsearch.action.support.replication.TransportReplicationAction$AsyncPrimaryAction.lambda$doRun$0(TransportReplicationAction.java:374)
       app//org.elasticsearch.action.support.replication.TransportReplicationAction$AsyncPrimaryAction$$Lambda$2255/0x00000008019abc40.accept(Unknown Source)
       app//org.elasticsearch.action.ActionListener$1.onResponse(ActionListener.java:61)
       app//org.elasticsearch.index.shard.IndexShard.lambda$wrapPrimaryOperationPermitListener$14(IndexShard.java:2588)
       app//org.elasticsearch.index.shard.IndexShard$$Lambda$2257/0x00000008019ab440.accept(Unknown Source)
       app//org.elasticsearch.action.ActionListener$1.onResponse(ActionListener.java:61)
       app//org.elasticsearch.index.shard.IndexShardOperationPermits.acquire(IndexShardOperationPermits.java:273)
       app//org.elasticsearch.index.shard.IndexShardOperationPermits.acquire(IndexShardOperationPermits.java:240)
       app//org.elasticsearch.index.shard.IndexShard.acquirePrimaryOperationPermit(IndexShard.java:2563)
       app//org.elasticsearch.action.support.replication.TransportReplicationAction.acquirePrimaryOperationPermit(TransportReplicationAction.java:996)
       app//org.elasticsearch.action.support.replication.TransportReplicationAction$AsyncPrimaryAction.doRun(TransportReplicationAction.java:370)
       app//org.elasticsearch.common.util.concurrent.AbstractRunnable.run(AbstractRunnable.java:37)
       app//org.elasticsearch.action.support.replication.TransportReplicationAction$PrimaryOperationTransportHandler.messageReceived(TransportReplicationAction.java:325)
       app//org.elasticsearch.action.support.replication.TransportReplicationAction$PrimaryOperationTransportHandler.messageReceived(TransportReplicationAction.java:312)
       app//org.elasticsearch.transport.RequestHandlerRegistry.processMessageReceived(RequestHandlerRegistry.java:66)
       app//org.elasticsearch.transport.TransportService$7.doRun(TransportService.java:692)
       app//org.elasticsearch.common.util.concurrent.ThreadContext$ContextPreservingAbstractRunnable.doRun(ThreadContext.java:751)
       app//org.elasticsearch.common.util.concurrent.AbstractRunnable.run(AbstractRunnable.java:37)
       java.base@12.0.2/java.util.concurrent.ThreadPoolExecutor.runWorker(ThreadPoolExecutor.java:1128)
       java.base@12.0.2/java.util.concurrent.ThreadPoolExecutor$Worker.run(ThreadPoolExecutor.java:628)
       java.base@12.0.2/java.lang.Thread.run(Thread.java:835)
     6/10 snapshots sharing following 45 elements
       java.base@12.0.2/sun.nio.ch.FileDispatcherImpl.force0(Native Method)
       java.base@12.0.2/sun.nio.ch.FileDispatcherImpl.force(FileDispatcherImpl.java:82)
       java.base@12.0.2/sun.nio.ch.FileChannelImpl.force(FileChannelImpl.java:461)
       app//org.elasticsearch.index.translog.Checkpoint.write(Checkpoint.java:233)
       app//org.elasticsearch.index.translog.TranslogWriter.writeCheckpoint(TranslogWriter.java:401)
       app//org.elasticsearch.index.translog.TranslogWriter.syncUpTo(TranslogWriter.java:359)
       app//org.elasticsearch.index.translog.Translog.ensureSynced(Translog.java:799)
       app//org.elasticsearch.index.translog.Translog.ensureSynced(Translog.java:820)
       app//org.elasticsearch.index.engine.InternalEngine.ensureTranslogSynced(InternalEngine.java:503)
       app//org.elasticsearch.index.shard.IndexShard$5.write(IndexShard.java:2856)
       app//org.elasticsearch.common.util.concurrent.AsyncIOProcessor.processList(AsyncIOProcessor.java:110)
       app//org.elasticsearch.common.util.concurrent.AsyncIOProcessor.drainAndProcess(AsyncIOProcessor.java:102)
       app//org.elasticsearch.common.util.concurrent.AsyncIOProcessor.put(AsyncIOProcessor.java:85)
       app//org.elasticsearch.index.shard.IndexShard.sync(IndexShard.java:2879)
       app//org.elasticsearch.action.support.replication.TransportWriteAction$AsyncAfterWriteAction.run(TransportWriteAction.java:355)
       app//org.elasticsearch.action.support.replication.TransportWriteAction$WritePrimaryResult.<init>(TransportWriteAction.java:151)
       app//org.elasticsearch.action.bulk.TransportShardBulkAction.performOnPrimary(TransportShardBulkAction.java:168)
       app//org.elasticsearch.action.bulk.TransportShardBulkAction.performOnPrimary(TransportShardBulkAction.java:156)
       app//org.elasticsearch.action.bulk.TransportShardBulkAction.shardOperationOnPrimary(TransportShardBulkAction.java:143)
       app//org.elasticsearch.action.bulk.TransportShardBulkAction.shardOperationOnPrimary(TransportShardBulkAction.java:82)
       app//org.elasticsearch.action.support.replication.TransportReplicationAction$PrimaryShardReference.perform(TransportReplicationAction.java:1059)
       app//org.elasticsearch.action.support.replication.TransportReplicationAction$PrimaryShardReference.perform(TransportReplicationAction.java:1037)
       app//org.elasticsearch.action.support.replication.ReplicationOperation.execute(ReplicationOperation.java:104)
       app//org.elasticsearch.action.support.replication.TransportReplicationAction$AsyncPrimaryAction.runWithPrimaryShardReference(TransportReplicationAction.java:433)
       app//org.elasticsearch.action.support.replication.TransportReplicationAction$AsyncPrimaryAction.lambda$doRun$0(TransportReplicationAction.java:374)
       app//org.elasticsearch.action.support.replication.TransportReplicationAction$AsyncPrimaryAction$$Lambda$2255/0x00000008019abc40.accept(Unknown Source)
       app//org.elasticsearch.action.ActionListener$1.onResponse(ActionListener.java:61)
       app//org.elasticsearch.index.shard.IndexShard.lambda$wrapPrimaryOperationPermitListener$14(IndexShard.java:2588)
       app//org.elasticsearch.index.shard.IndexShard$$Lambda$2257/0x00000008019ab440.accept(Unknown Source)
       app//org.elasticsearch.action.ActionListener$1.onResponse(ActionListener.java:61)
       app//org.elasticsearch.index.shard.IndexShardOperationPermits.acquire(IndexShardOperationPermits.java:273)
       app//org.elasticsearch.index.shard.IndexShardOperationPermits.acquire(IndexShardOperationPermits.java:240)
       app//org.elasticsearch.index.shard.IndexShard.acquirePrimaryOperationPermit(IndexShard.java:2563)
       app//org.elasticsearch.action.support.replication.TransportReplicationAction.acquirePrimaryOperationPermit(TransportReplicationAction.java:996)
       app//org.elasticsearch.action.support.replication.TransportReplicationAction$AsyncPrimaryAction.doRun(TransportReplicationAction.java:370)
       app//org.elasticsearch.common.util.concurrent.AbstractRunnable.run(AbstractRunnable.java:37)
       app//org.elasticsearch.action.support.replication.TransportReplicationAction$PrimaryOperationTransportHandler.messageReceived(TransportReplicationAction.java:325)
       app//org.elasticsearch.action.support.replication.TransportReplicationAction$PrimaryOperationTransportHandler.messageReceived(TransportReplicationAction.java:312)
       app//org.elasticsearch.transport.RequestHandlerRegistry.processMessageReceived(RequestHandlerRegistry.java:66)
       app//org.elasticsearch.transport.TransportService$7.doRun(TransportService.java:692)
       app//org.elasticsearch.common.util.concurrent.ThreadContext$ContextPreservingAbstractRunnable.doRun(ThreadContext.java:751)
       app//org.elasticsearch.common.util.concurrent.AbstractRunnable.run(AbstractRunnable.java:37)
       java.base@12.0.2/java.util.concurrent.ThreadPoolExecutor.runWorker(ThreadPoolExecutor.java:1128)
       java.base@12.0.2/java.util.concurrent.ThreadPoolExecutor$Worker.run(ThreadPoolExecutor.java:628)
       java.base@12.0.2/java.lang.Thread.run(Thread.java:835)
     2/10 snapshots sharing following 10 elements
       java.base@12.0.2/jdk.internal.misc.Unsafe.park(Native Method)
       java.base@12.0.2/java.util.concurrent.locks.LockSupport.park(LockSupport.java:194)
       java.base@12.0.2/java.util.concurrent.LinkedTransferQueue.awaitMatch(LinkedTransferQueue.java:743)
       java.base@12.0.2/java.util.concurrent.LinkedTransferQueue.xfer(LinkedTransferQueue.java:684)
       java.base@12.0.2/java.util.concurrent.LinkedTransferQueue.take(LinkedTransferQueue.java:1366)
       app//org.elasticsearch.common.util.concurrent.SizeBlockingQueue.take(SizeBlockingQueue.java:165)
       java.base@12.0.2/java.util.concurrent.ThreadPoolExecutor.getTask(ThreadPoolExecutor.java:1054)
       java.base@12.0.2/java.util.concurrent.ThreadPoolExecutor.runWorker(ThreadPoolExecutor.java:1114)
       java.base@12.0.2/java.util.concurrent.ThreadPoolExecutor$Worker.run(ThreadPoolExecutor.java:628)
       java.base@12.0.2/java.lang.Thread.run(Thread.java:835)
   
    1.1% (5.6ms out of 500ms) cpu usage by thread 'elasticsearch[graylog-data-1][write][T#3]'
     2/10 snapshots sharing following 43 elements
       java.base@12.0.2/sun.nio.ch.FileDispatcherImpl.force0(Native Method)
       java.base@12.0.2/sun.nio.ch.FileDispatcherImpl.force(FileDispatcherImpl.java:82)
       java.base@12.0.2/sun.nio.ch.FileChannelImpl.force(FileChannelImpl.java:461)
       app//org.elasticsearch.index.translog.TranslogWriter.syncUpTo(TranslogWriter.java:358)
       app//org.elasticsearch.index.translog.Translog.ensureSynced(Translog.java:799)
       app//org.elasticsearch.index.translog.Translog.ensureSynced(Translog.java:820)
       app//org.elasticsearch.index.engine.InternalEngine.ensureTranslogSynced(InternalEngine.java:503)
       app//org.elasticsearch.index.shard.IndexShard$5.write(IndexShard.java:2856)
       app//org.elasticsearch.common.util.concurrent.AsyncIOProcessor.processList(AsyncIOProcessor.java:110)
       app//org.elasticsearch.common.util.concurrent.AsyncIOProcessor.drainAndProcess(AsyncIOProcessor.java:102)
       app//org.elasticsearch.common.util.concurrent.AsyncIOProcessor.put(AsyncIOProcessor.java:85)
       app//org.elasticsearch.index.shard.IndexShard.sync(IndexShard.java:2879)
       app//org.elasticsearch.action.support.replication.TransportWriteAction$AsyncAfterWriteAction.run(TransportWriteAction.java:355)
       app//org.elasticsearch.action.support.replication.TransportWriteAction$WritePrimaryResult.<init>(TransportWriteAction.java:151)
       app//org.elasticsearch.action.bulk.TransportShardBulkAction.performOnPrimary(TransportShardBulkAction.java:168)
       app//org.elasticsearch.action.bulk.TransportShardBulkAction.performOnPrimary(TransportShardBulkAction.java:156)
       app//org.elasticsearch.action.bulk.TransportShardBulkAction.shardOperationOnPrimary(TransportShardBulkAction.java:143)
       app//org.elasticsearch.action.bulk.TransportShardBulkAction.shardOperationOnPrimary(TransportShardBulkAction.java:82)
       app//org.elasticsearch.action.support.replication.TransportReplicationAction$PrimaryShardReference.perform(TransportReplicationAction.java:1059)
       app//org.elasticsearch.action.support.replication.TransportReplicationAction$PrimaryShardReference.perform(TransportReplicationAction.java:1037)
       app//org.elasticsearch.action.support.replication.ReplicationOperation.execute(ReplicationOperation.java:104)
       app//org.elasticsearch.action.support.replication.TransportReplicationAction$AsyncPrimaryAction.runWithPrimaryShardReference(TransportReplicationAction.java:433)
       app//org.elasticsearch.action.support.replication.TransportReplicationAction$AsyncPrimaryAction.lambda$doRun$0(TransportReplicationAction.java:374)
       app//org.elasticsearch.action.support.replication.TransportReplicationAction$AsyncPrimaryAction$$Lambda$2255/0x00000008019abc40.accept(Unknown Source)
       app//org.elasticsearch.action.ActionListener$1.onResponse(ActionListener.java:61)
       app//org.elasticsearch.index.shard.IndexShard.lambda$wrapPrimaryOperationPermitListener$14(IndexShard.java:2588)
       app//org.elasticsearch.index.shard.IndexShard$$Lambda$2257/0x00000008019ab440.accept(Unknown Source)
       app//org.elasticsearch.action.ActionListener$1.onResponse(ActionListener.java:61)
       app//org.elasticsearch.index.shard.IndexShardOperationPermits.acquire(IndexShardOperationPermits.java:273)
       app//org.elasticsearch.index.shard.IndexShardOperationPermits.acquire(IndexShardOperationPermits.java:240)
       app//org.elasticsearch.index.shard.IndexShard.acquirePrimaryOperationPermit(IndexShard.java:2563)
       app//org.elasticsearch.action.support.replication.TransportReplicationAction.acquirePrimaryOperationPermit(TransportReplicationAction.java:996)
       app//org.elasticsearch.action.support.replication.TransportReplicationAction$AsyncPrimaryAction.doRun(TransportReplicationAction.java:370)
       app//org.elasticsearch.common.util.concurrent.AbstractRunnable.run(AbstractRunnable.java:37)
       app//org.elasticsearch.action.support.replication.TransportReplicationAction$PrimaryOperationTransportHandler.messageReceived(TransportReplicationAction.java:325)
       app//org.elasticsearch.action.support.replication.TransportReplicationAction$PrimaryOperationTransportHandler.messageReceived(TransportReplicationAction.java:312)
       app//org.elasticsearch.transport.RequestHandlerRegistry.processMessageReceived(RequestHandlerRegistry.java:66)
       app//org.elasticsearch.transport.TransportService$7.doRun(TransportService.java:692)
       app//org.elasticsearch.common.util.concurrent.ThreadContext$ContextPreservingAbstractRunnable.doRun(ThreadContext.java:751)
       app//org.elasticsearch.common.util.concurrent.AbstractRunnable.run(AbstractRunnable.java:37)
       java.base@12.0.2/java.util.concurrent.ThreadPoolExecutor.runWorker(ThreadPoolExecutor.java:1128)
       java.base@12.0.2/java.util.concurrent.ThreadPoolExecutor$Worker.run(ThreadPoolExecutor.java:628)
       java.base@12.0.2/java.lang.Thread.run(Thread.java:835)
     8/10 snapshots sharing following 45 elements
       java.base@12.0.2/sun.nio.ch.FileDispatcherImpl.force0(Native Method)
       java.base@12.0.2/sun.nio.ch.FileDispatcherImpl.force(FileDispatcherImpl.java:82)
       java.base@12.0.2/sun.nio.ch.FileChannelImpl.force(FileChannelImpl.java:461)
       app//org.elasticsearch.index.translog.Checkpoint.write(Checkpoint.java:233)
       app//org.elasticsearch.index.translog.TranslogWriter.writeCheckpoint(TranslogWriter.java:401)
       app//org.elasticsearch.index.translog.TranslogWriter.syncUpTo(TranslogWriter.java:359)
       app//org.elasticsearch.index.translog.Translog.ensureSynced(Translog.java:799)
       app//org.elasticsearch.index.translog.Translog.ensureSynced(Translog.java:820)
       app//org.elasticsearch.index.engine.InternalEngine.ensureTranslogSynced(InternalEngine.java:503)
       app//org.elasticsearch.index.shard.IndexShard$5.write(IndexShard.java:2856)
       app//org.elasticsearch.common.util.concurrent.AsyncIOProcessor.processList(AsyncIOProcessor.java:110)
       app//org.elasticsearch.common.util.concurrent.AsyncIOProcessor.drainAndProcess(AsyncIOProcessor.java:102)
       app//org.elasticsearch.common.util.concurrent.AsyncIOProcessor.put(AsyncIOProcessor.java:85)
       app//org.elasticsearch.index.shard.IndexShard.sync(IndexShard.java:2879)
       app//org.elasticsearch.action.support.replication.TransportWriteAction$AsyncAfterWriteAction.run(TransportWriteAction.java:355)
       app//org.elasticsearch.action.support.replication.TransportWriteAction$WritePrimaryResult.<init>(TransportWriteAction.java:151)
       app//org.elasticsearch.action.bulk.TransportShardBulkAction.performOnPrimary(TransportShardBulkAction.java:168)
       app//org.elasticsearch.action.bulk.TransportShardBulkAction.performOnPrimary(TransportShardBulkAction.java:156)
       app//org.elasticsearch.action.bulk.TransportShardBulkAction.shardOperationOnPrimary(TransportShardBulkAction.java:143)
       app//org.elasticsearch.action.bulk.TransportShardBulkAction.shardOperationOnPrimary(TransportShardBulkAction.java:82)
       app//org.elasticsearch.action.support.replication.TransportReplicationAction$PrimaryShardReference.perform(TransportReplicationAction.java:1059)
       app//org.elasticsearch.action.support.replication.TransportReplicationAction$PrimaryShardReference.perform(TransportReplicationAction.java:1037)
       app//org.elasticsearch.action.support.replication.ReplicationOperation.execute(ReplicationOperation.java:104)
       app//org.elasticsearch.action.support.replication.TransportReplicationAction$AsyncPrimaryAction.runWithPrimaryShardReference(TransportReplicationAction.java:433)
       app//org.elasticsearch.action.support.replication.TransportReplicationAction$AsyncPrimaryAction.lambda$doRun$0(TransportReplicationAction.java:374)
       app//org.elasticsearch.action.support.replication.TransportReplicationAction$AsyncPrimaryAction$$Lambda$2255/0x00000008019abc40.accept(Unknown Source)
       app//org.elasticsearch.action.ActionListener$1.onResponse(ActionListener.java:61)
       app//org.elasticsearch.index.shard.IndexShard.lambda$wrapPrimaryOperationPermitListener$14(IndexShard.java:2588)
       app//org.elasticsearch.index.shard.IndexShard$$Lambda$2257/0x00000008019ab440.accept(Unknown Source)
       app//org.elasticsearch.action.ActionListener$1.onResponse(ActionListener.java:61)
       app//org.elasticsearch.index.shard.IndexShardOperationPermits.acquire(IndexShardOperationPermits.java:273)
       app//org.elasticsearch.index.shard.IndexShardOperationPermits.acquire(IndexShardOperationPermits.java:240)
       app//org.elasticsearch.index.shard.IndexShard.acquirePrimaryOperationPermit(IndexShard.java:2563)
       app//org.elasticsearch.action.support.replication.TransportReplicationAction.acquirePrimaryOperationPermit(TransportReplicationAction.java:996)
       app//org.elasticsearch.action.support.replication.TransportReplicationAction$AsyncPrimaryAction.doRun(TransportReplicationAction.java:370)
       app//org.elasticsearch.common.util.concurrent.AbstractRunnable.run(AbstractRunnable.java:37)
       app//org.elasticsearch.action.support.replication.TransportReplicationAction$PrimaryOperationTransportHandler.messageReceived(TransportReplicationAction.java:325)
       app//org.elasticsearch.action.support.replication.TransportReplicationAction$PrimaryOperationTransportHandler.messageReceived(TransportReplicationAction.java:312)
       app//org.elasticsearch.transport.RequestHandlerRegistry.processMessageReceived(RequestHandlerRegistry.java:66)
       app//org.elasticsearch.transport.TransportService$7.doRun(TransportService.java:692)
       app//org.elasticsearch.common.util.concurrent.ThreadContext$ContextPreservingAbstractRunnable.doRun(ThreadContext.java:751)
       app//org.elasticsearch.common.util.concurrent.AbstractRunnable.run(AbstractRunnable.java:37)
       java.base@12.0.2/java.util.concurrent.ThreadPoolExecutor.runWorker(ThreadPoolExecutor.java:1128)
       java.base@12.0.2/java.util.concurrent.ThreadPoolExecutor$Worker.run(ThreadPoolExecutor.java:628)
       java.base@12.0.2/java.lang.Thread.run(Thread.java:835)

::: {graylog-master-1}{yb6AZJtHT0e8ckpLJ6N-fA}{g1aJqIFmRtCQy7SHIPGRBg}{172.30.86.151}{172.30.86.151:9300}
   Hot threads at 2020-03-11T16:16:27.819Z, interval=500ms, busiestThreads=3, ignoreIdleThreads=true:
